[13.02.2023 22:45:10 ] [INFO] [main] [<module>: 5] => Start
[13.02.2023 22:46:01 ] [INFO] [user_interface] [ls_menu: 22] => Выбран пункт №1
[13.02.2023 22:46:24 ] [INFO] [user_interface] [сhecking_the_number: 153] => Недопустимые значения!: {arg}
[13.02.2023 22:47:59 ] [INFO] [user_interface] [сhecking_the_number: 153] => Недопустимые значения!: {arg}
[13.02.2023 22:48:17 ] [INFO] [user_interface] [сhecking_the_number: 153] => Недопустимые значения!: {arg}
[13.02.2023 22:48:21 ] [INFO] [user_interface] [сhecking_the_number: 153] => Недопустимые значения!: {arg}
[13.02.2023 22:48:28 ] [INFO] [user_interface] [ls_menu: 141] => End
[13.02.2023 22:48:30 ] [INFO] [main] [<module>: 5] => Start
[13.02.2023 22:49:33 ] [INFO] [user_interface] [сhecking_the_number: 153] => Недопустимые значения!: {arg}
[13.02.2023 22:49:40 ] [INFO] [user_interface] [сhecking_the_number: 153] => Недопустимые значения!: {arg}
[13.02.2023 22:49:41 ] [INFO] [user_interface] [сhecking_the_number: 153] => Недопустимые значения!: {arg}
[13.02.2023 22:49:49 ] [INFO] [user_interface] [ls_menu: 141] => End
[13.02.2023 22:57:40 ] [INFO] [main] [<module>: 5] => Start
[13.02.2023 23:00:26 ] [INFO] [user_interface] [ls_menu: 141] => End
[13.02.2023 23:00:46 ] [INFO] [bot] [main: 43] => Выбран пункт №1
[13.02.2023 23:00:50 ] [INFO] [bot] [main: 52] => Выбран пункт №3
[13.02.2023 23:00:55 ] [INFO] [bot] [find_name: 93] => User entered: {name_it}
[13.02.2023 23:01:09 ] [INFO] [bot] [main: 62] => Выбран пункт №5
[13.02.2023 23:01:16 ] [INFO] [bot] [get_name: 107] => User entered: {name_it}
[13.02.2023 23:01:21 ] [INFO] [bot] [get_surname: 115] => User entered: {surname_it}
[13.02.2023 23:01:24 ] [INFO] [bot] [get_number: 123] => User entered: {number_it}
[13.02.2023 23:02:04 ] [INFO] [bot] [get_email: 131] => User entered: {email_it}
[13.02.2023 23:02:29 ] [INFO] [bot] [main: 43] => Выбран пункт №1
[13.02.2023 23:02:41 ] [INFO] [bot] [main: 73] => Выбран пункт №7
[13.02.2023 23:02:46 ] [INFO] [bot] [delete_contact: 207] => Выбран пункт №7.1
[13.02.2023 23:02:50 ] [INFO] [bot] [delete_surname: 229] => User entered: {surname_it}
[13.02.2023 23:02:55 ] [INFO] [bot] [delete_number: 259] => User entered: {user_id_it}
[13.02.2023 23:02:59 ] [INFO] [bot] [main: 43] => Выбран пункт №1
[13.02.2023 23:03:06 ] [INFO] [bot] [main: 62] => Выбран пункт №5
[13.02.2023 23:03:18 ] [INFO] [bot] [get_name: 107] => User entered: {name_it}
[13.02.2023 23:03:26 ] [INFO] [bot] [get_surname: 115] => User entered: {surname_it}
[13.02.2023 23:03:46 ] [INFO] [bot] [get_number: 123] => User entered: {number_it}
[13.02.2023 23:04:25 ] [INFO] [bot] [get_email: 131] => User entered: {email_it}
[13.02.2023 23:04:33 ] [INFO] [bot] [main: 47] => Выбран пункт №2
[13.02.2023 23:04:43 ] [INFO] [bot] [find_surname: 86] => User entered: {surname_it}
[13.02.2023 23:04:48 ] [INFO] [bot] [main: 47] => Выбран пункт №2
[13.02.2023 23:05:07 ] [INFO] [bot] [find_surname: 86] => User entered: {surname_it}
[13.02.2023 23:05:11 ] [INFO] [bot] [main: 43] => Выбран пункт №1
[13.02.2023 23:07:45 ] [INFO] [bot] [main: 43] => Выбран пункт №1
[13.02.2023 23:11:58 ] [INFO] [bot] [main: 52] => Выбран пункт №3
[13.02.2023 23:12:04 ] [INFO] [bot] [find_name: 93] => User entered: {name_it}
[14.02.2023 15:43:46 ] [INFO] [main] [<module>: 5] => Start
[14.02.2023 15:43:58 ] [INFO] [user_interface] [ls_menu: 146] => Недопустимые значения!: {n}
[14.02.2023 15:44:01 ] [INFO] [user_interface] [ls_menu: 141] => End
[14.02.2023 15:49:40 ] [INFO] [bot] [main: 43] => Выбран пункт №1
